<?xml version="1.0" encoding="UTF-8"?>
<testsuites><testsuite name="BackstopJS" tests="10"><testcase name=" ›› atoms-button" classname="#sg-viewport"/><testcase name=" ›› atoms-button" classname="#sg-viewport"/><testcase name=" ›› atoms-button" classname="#sg-viewport"/><testcase name=" ›› atoms-button" classname="#sg-viewport"/><testcase name=" ›› atoms-button" classname="#sg-viewport"/><testcase name=" ›› atoms-subtitle" classname="#sg-viewport"/><testcase name=" ›› atoms-subtitle" classname="#sg-viewport"/><testcase name=" ›› atoms-subtitle" classname="#sg-viewport"/><testcase name=" ›› atoms-subtitle" classname="#sg-viewport"/><testcase name=" ›› atoms-subtitle" classname="#sg-viewport"/></testsuite></testsuites>