<?xml version="1.0" encoding="UTF-8"?>
<testsuites errors="10" failures="10"><testsuite name="BackstopJS" tests="305" errors="10" failures="10"><testcase name=" ›› category navigation menu" classname=".ama_category_navigation_menu"/><testcase name=" ›› category navigation menu" classname=".ama_category_navigation_menu"/><testcase name=" ›› category navigation menu" classname=".ama_category_navigation_menu"/><testcase name=" ›› category navigation menu" classname=".ama_category_navigation_menu"/><testcase name=" ›› category navigation menu" classname=".ama_category_navigation_menu"/><testcase name=" ›› category index" classname=".ama__category-index"/><testcase name=" ›› category index" classname=".ama__category-index"/><testcase name=" ›› category index" classname=".ama__category-index"/><testcase name=" ›› category index" classname=".ama__category-index"/><testcase name=" ›› category index" classname=".ama__category-index"/><testcase name=" ›› category navigation menu" classname=".ama_category_navigation_menu"/><testcase name=" ›› category navigation menu" classname=".ama_category_navigation_menu"/><testcase name=" ›› category navigation menu" classname=".ama_category_navigation_menu"/><testcase name=" ›› category navigation menu" classname=".ama_category_navigation_menu"/><testcase name=" ›› category navigation menu" classname=".ama_category_navigation_menu"/><testcase name=" ›› masthead with subtitle" classname=".ama__masthead"/><testcase name=" ›› masthead with subtitle" classname=".ama__masthead"/><testcase name=" ›› masthead with subtitle" classname=".ama__masthead"/><testcase name=" ›› masthead with subtitle" classname=".ama__masthead"/><testcase name=" ›› masthead with subtitle" classname=".ama__masthead"/><testcase name=" ›› main navigation" classname=".ama__main-navigation "/><testcase name=" ›› main navigation" classname=".ama__main-navigation "/><testcase name=" ›› main navigation" classname=".ama__main-navigation "/><testcase name=" ›› main navigation" classname=".ama__main-navigation "/><testcase name=" ›› main navigation" classname=".ama__main-navigation "/><testcase name=" ›› masthead default" classname=".ama__masthead"/><testcase name=" ›› masthead default" classname=".ama__masthead"/><testcase name=" ›› masthead default" classname=".ama__masthead"/><testcase name=" ›› masthead default" classname=".ama__masthead"/><testcase name=" ›› masthead default" classname=".ama__masthead"/><testcase name=" ›› masthead as indented" classname=".ama__masthead"/><testcase name=" ›› masthead as indented" classname=".ama__masthead"/><testcase name=" ›› masthead as indented" classname=".ama__masthead"/><testcase name=" ›› masthead as indented" classname=".ama__masthead"/><testcase name=" ›› masthead as indented" classname=".ama__masthead"/><testcase name=" ›› masthead as simplified" classname=".ama__masthead"/><testcase name=" ›› masthead as simplified" classname=".ama__masthead"/><testcase name=" ›› masthead as simplified" classname=".ama__masthead"/><testcase name=" ›› masthead as simplified" classname=".ama__masthead"/><testcase name=" ›› masthead as simplified" classname=".ama__masthead"/><testcase name=" ›› masthead with subtitle as indented" classname=".ama__masthead"/><testcase name=" ›› masthead with subtitle as indented" classname=".ama__masthead"/><testcase name=" ›› masthead with subtitle as indented" classname=".ama__masthead"/><testcase name=" ›› masthead with subtitle as indented" classname=".ama__masthead"/><testcase name=" ›› masthead with subtitle as indented" classname=".ama__masthead"/><testcase name=" ›› member feature" classname=".ama__member-feature-rail"/><testcase name=" ›› member feature" classname=".ama__member-feature-rail"/><testcase name=" ›› member feature" classname=".ama__member-feature-rail"/><testcase name=" ›› member feature" classname=".ama__member-feature-rail"/><testcase name=" ›› member feature" classname=".ama__member-feature-rail"/><testcase name=" ›› product nav" classname=".ama__product-nav"/><testcase name=" ›› product nav" classname=".ama__product-nav"/><testcase name=" ›› product nav" classname=".ama__product-nav"/><testcase name=" ›› product nav" classname=".ama__product-nav"/><testcase name=" ›› product nav" classname=".ama__product-nav"/><testcase name=" ›› ribbon" classname=".ama__ribbon"/><testcase name=" ›› ribbon" classname=".ama__ribbon.__n1"/><testcase name=" ›› ribbon" classname=".ama__ribbon"/><testcase name=" ›› ribbon" classname=".ama__ribbon.__n1"/><testcase name=" ›› ribbon" classname=".ama__ribbon"/><testcase name=" ›› ribbon" classname=".ama__ribbon.__n1"/><testcase name=" ›› ribbon" classname=".ama__ribbon"/><testcase name=" ›› ribbon" classname=".ama__ribbon.__n1"/><testcase name=" ›› ribbon" classname=".ama__ribbon"/><testcase name=" ›› ribbon" classname=".ama__ribbon.__n1"/><testcase name=" ›› category page article stub" classname=".ama__category-page-article-stub"/><testcase name=" ›› category page article stub" classname=".ama__category-page-article-stub"/><testcase name=" ›› category page article stub" classname=".ama__category-page-article-stub"/><testcase name=" ›› category page article stub" classname=".ama__category-page-article-stub"/><testcase name=" ›› category page article stub" classname=".ama__category-page-article-stub"/><testcase name=" ›› wayfinder" classname=".ama__wayfinder"/><testcase name=" ›› wayfinder" classname=".ama__wayfinder.__n1"/><testcase name=" ›› wayfinder" classname=".ama__wayfinder"/><testcase name=" ›› wayfinder" classname=".ama__wayfinder.__n1"/><testcase name=" ›› wayfinder" classname=".ama__wayfinder"/><testcase name=" ›› wayfinder" classname=".ama__wayfinder.__n1"/><testcase name=" ›› wayfinder" classname=".ama__wayfinder"/><testcase name=" ›› wayfinder" classname=".ama__wayfinder.__n1"/><testcase name=" ›› wayfinder" classname=".ama__wayfinder"/><testcase name=" ›› wayfinder" classname=".ama__wayfinder.__n1"/><testcase name=" ›› column teaser" classname=".ama__column-teaser"/><testcase name=" ›› column teaser" classname=".ama__column-teaser"/><testcase name=" ›› column teaser" classname=".ama__column-teaser"/><testcase name=" ›› column teaser" classname=".ama__column-teaser"/><testcase name=" ›› column teaser" classname=".ama__column-teaser"/><testcase name=" ›› event list" classname=".ama__event-list"/><testcase name=" ›› event list" classname=".ama__event-list"/><testcase name=" ›› event list" classname=".ama__event-list"/><testcase name=" ›› event list" classname=".ama__event-list"/><testcase name=" ›› event list" classname=".ama__event-list"/><testcase name=" ›› event speaker" classname=".ama__page--event__speakers"/><testcase name=" ›› event speaker" classname=".ama__page--event__speakers"/><testcase name=" ›› event speaker" classname=".ama__page--event__speakers"/><testcase name=" ›› event speaker" classname=".ama__page--event__speakers"/><testcase name=" ›› event speaker" classname=".ama__page--event__speakers"/><testcase name=" ›› filter" classname=".ama__filter"/><testcase name=" ›› filter" classname=".ama__filter"/><testcase name=" ›› filter" classname=".ama__filter"/><testcase name=" ›› filter" classname=".ama__filter"/><testcase name=" ›› filter" classname=".ama__filter"/><testcase name=" ›› four up list links" classname=".ama__four-up-links"/><testcase name=" ›› four up list links" classname=".ama__four-up-links"/><testcase name=" ›› four up list links" classname=".ama__four-up-links"/><testcase name=" ›› four up list links" classname=".ama__four-up-links"/><testcase name=" ›› four up list links" classname=".ama__four-up-links"/><testcase name=" ›› footer" classname=".ama__footer"/><testcase name=" ›› footer" classname=".ama__footer"/><testcase name=" ›› footer" classname=".ama__footer"/><testcase name=" ›› footer" classname=".ama__footer"/><testcase name=" ›› footer" classname=".ama__footer"/><testcase name=" ›› footer as universal" classname=".ama__footer"/><testcase name=" ›› footer as universal" classname=".ama__footer"/><testcase name=" ›› footer as universal" classname=".ama__footer"/><testcase name=" ›› footer as universal" classname=".ama__footer"/><testcase name=" ›› footer as universal" classname=".ama__footer"/><testcase name=" ›› four up teaser" classname=".ama__four-up-teaser"/><testcase name=" ›› four up teaser" classname=".ama__four-up-teaser"/><testcase name=" ›› four up teaser" classname=".ama__four-up-teaser"/><testcase name=" ›› four up teaser" classname=".ama__four-up-teaser"/><testcase name=" ›› four up teaser" classname=".ama__four-up-teaser"/><testcase name=" ›› hub cards" classname=".ama__hub-row"/><testcase name=" ›› hub cards" classname=".ama__hub-row"/><testcase name=" ›› hub cards" classname=".ama__hub-row"/><testcase name=" ›› hub cards" classname=".ama__hub-row"/><testcase name=" ›› hub cards" classname=".ama__hub-row"/><testcase name=" ›› hub heroes" classname=".ama__hub-hero-row"/><testcase name=" ›› hub heroes" classname=".ama__hub-hero-row"/><testcase name=" ›› hub heroes" classname=".ama__hub-hero-row"/><testcase name=" ›› hub heroes" classname=".ama__hub-hero-row"/><testcase name=" ›› hub heroes" classname=".ama__hub-hero-row"/><testcase name=" ›› lead news block" classname=".ama__lead-news"/><testcase name=" ›› lead news block" classname=".ama__lead-news"/><testcase name=" ›› lead news block" classname=".ama__lead-news"/><testcase name=" ›› lead news block" classname=".ama__lead-news"/><testcase name=" ›› lead news block" classname=".ama__lead-news"/><testcase name=" ›› page content tabs" classname=".ama__tabs--content"/><testcase name=" ›› page content tabs" classname=".ama__tabs--content"/><testcase name=" ›› page content tabs" classname=".ama__tabs--content"/><testcase name=" ›› page content tabs" classname=".ama__tabs--content"/><testcase name=" ›› page content tabs" classname=".ama__tabs--content"/><testcase name=" ›› partner list" classname=".ama__partner-list"/><testcase name=" ›› partner list" classname=".ama__partner-list"/><testcase name=" ›› partner list" classname=".ama__partner-list"/><testcase name=" ›› partner list" classname=".ama__partner-list"/><testcase name=" ›› partner list" classname=".ama__partner-list"/><testcase name=" ›› promo group" classname=".ama__promo-group"/><testcase name=" ›› promo group" classname=".ama__promo-group"/><testcase name=" ›› promo group" classname=".ama__promo-group"/><testcase name=" ›› promo group" classname=".ama__promo-group"/><testcase name=" ›› promo group" classname=".ama__promo-group"/><testcase name=" ›› resource tabs" classname=".ama__resource-tabs"/><testcase name=" ›› resource tabs" classname=".ama__resource-tabs"/><testcase name=" ›› resource tabs" classname=".ama__resource-tabs"/><testcase name=" ›› resource tabs" classname=".ama__resource-tabs"/><testcase name=" ›› resource tabs" classname=".ama__resource-tabs"/><testcase name=" ›› sidebar articles" classname=".ama__sidebar-articles"/><testcase name=" ›› sidebar articles" classname=".ama__sidebar-articles"/><testcase name=" ›› sidebar articles" classname=".ama__sidebar-articles"/><testcase name=" ›› sidebar articles" classname=".ama__sidebar-articles"/><testcase name=" ›› sidebar articles" classname=".ama__sidebar-articles"/><testcase name=" ›› subcategory exploration" classname=".ama__subcategory-exploration"/><testcase name=" ›› subcategory exploration" classname=".ama__subcategory-exploration"/><testcase name=" ›› subcategory exploration" classname=".ama__subcategory-exploration"/><testcase name=" ›› subcategory exploration" classname=".ama__subcategory-exploration"/><testcase name=" ›› subcategory exploration" classname=".ama__subcategory-exploration"/><testcase name=" ›› subcategory featured content" classname=".ama__subcategory-featured-content"/><testcase name=" ›› subcategory featured content" classname=".ama__subcategory-featured-content"/><testcase name=" ›› subcategory featured content" classname=".ama__subcategory-featured-content"/><testcase name=" ›› subcategory featured content" classname=".ama__subcategory-featured-content"/><testcase name=" ›› subcategory featured content" classname=".ama__subcategory-featured-content"/><testcase name=" ›› visual subcategory exploration with images" classname=".ama__subcategory-exploration-with-images"/><testcase name=" ›› visual subcategory exploration with images" classname=".ama__subcategory-exploration-with-images"/><testcase name=" ›› visual subcategory exploration with images" classname=".ama__subcategory-exploration-with-images"/><testcase name=" ›› visual subcategory exploration with images" classname=".ama__subcategory-exploration-with-images"/><testcase name=" ›› visual subcategory exploration with images" classname=".ama__subcategory-exploration-with-images"/><testcase name=" ›› subcategory featured content as carousel" classname=".ama__subcategory-featured-content-as-carousel"/><testcase name=" ›› subcategory featured content as carousel" classname=".ama__subcategory-featured-content-as-carousel"/><testcase name=" ›› subcategory featured content as carousel" classname=".ama__subcategory-featured-content-as-carousel"/><testcase name=" ›› subcategory featured content as carousel" classname=".ama__subcategory-featured-content-as-carousel"/><testcase name=" ›› subcategory featured content as carousel" classname=".ama__subcategory-featured-content-as-carousel"/><testcase name=" ›› tools" classname=".ama__tools"/><testcase name=" ›› tools" classname=".ama__tools"/><testcase name=" ›› tools" classname=".ama__tools"/><testcase name=" ›› tools" classname=".ama__tools"/><testcase name=" ›› tools" classname=".ama__tools"/><testcase name=" ›› your products" classname=".ama__products"/><testcase name=" ›› your products" classname=".ama__products"/><testcase name=" ›› your products" classname=".ama__products"/><testcase name=" ›› your products" classname=".ama__products"/><testcase name=" ›› your products" classname=".ama__products"/><testcase name=" ›› category nav" classname=".ama__category-nav"/><testcase name=" ›› category nav" classname=".ama__category-nav"/><testcase name=" ›› category nav" classname=".ama__category-nav"/><testcase name=" ›› category nav" classname=".ama__category-nav"/><testcase name=" ›› category nav" classname=".ama__category-nav"/><testcase name=" ›› org nav" classname=".ama__org-nav"/><testcase name=" ›› org nav" classname=".ama__org-nav"/><testcase name=" ›› org nav" classname=".ama__org-nav"/><testcase name=" ›› org nav" classname=".ama__org-nav"/><testcase name=" ›› org nav" classname=".ama__org-nav"/><testcase name=" ›› search results list" classname=".ama__search-result-list"/><testcase name=" ›› search results list" classname=".ama__search-result-list"/><testcase name=" ›› search results list" classname=".ama__search-result-list"/><testcase name=" ›› search results list" classname=".ama__search-result-list"/><testcase name=" ›› search results list" classname=".ama__search-result-list"/><testcase name=" ›› templates-one-column" classname="document"/><testcase name=" ›› templates-one-column" classname="document"/><testcase name=" ›› templates-one-column" classname="document"/><testcase name=" ›› templates-one-column" classname="document"/><testcase name=" ›› templates-one-column" classname="document"/><testcase name=" ›› templates-two-column-right" classname="document"/><testcase name=" ›› templates-two-column-right" classname="document"/><testcase name=" ›› templates-two-column-right" classname="document"/><testcase name=" ›› templates-two-column-right" classname="document"/><testcase name=" ›› templates-two-column-right" classname="document"/><testcase name=" ›› templates-two-column-right-full-width" classname="document"/><testcase name=" ›› templates-two-column-right-full-width" classname="document"/><testcase name=" ›› templates-two-column-right-full-width" classname="document"/><testcase name=" ›› templates-two-column-right-full-width" classname="document"/><testcase name=" ›› templates-two-column-right-full-width" classname="document"/><testcase name=" ›› templates-two-column-left" classname="document"/><testcase name=" ›› templates-two-column-left" classname="document"/><testcase name=" ›› templates-two-column-left" classname="document"/><testcase name=" ›› templates-two-column-left" classname="document"/><testcase name=" ›› templates-two-column-left" classname="document"/><testcase name=" ›› templates-three-column" classname="document"/><testcase name=" ›› templates-three-column" classname="document"/><testcase name=" ›› templates-three-column" classname="document"/><testcase name=" ›› templates-three-column" classname="document"/><testcase name=" ›› templates-three-column" classname="document"/><testcase name=" ›› error-page" classname="document"/><testcase name=" ›› error-page" classname="document"/><testcase name=" ›› error-page" classname="document"/><testcase name=" ›› error-page" classname="document"/><testcase name=" ›› error-page" classname="document"/><testcase name=" ›› event-page" classname="document"/><testcase name=" ›› event-page" classname="document"/><testcase name=" ›› event-page" classname="document"/><testcase name=" ›› event-page" classname="document"/><testcase name=" ›› event-page" classname="document"/><testcase name=" ›› topics-page" classname="document"/><testcase name=" ›› topics-page" classname="document"/><testcase name=" ›› topics-page" classname="document"/><testcase name=" ›› topics-page" classname="document"/><testcase name=" ›› topics-page" classname="document"/><testcase name=" ›› press release" classname="document"/><testcase name=" ›› press release" classname="document"/><testcase name=" ›› press release" classname="document"/><testcase name=" ›› press release" classname="document"/><testcase name=" ›› press release" classname="document"/><testcase name=" ›› news" classname="document"><error message="Design deviation ›› news (document) component" type="CSS component"/><failure message="Design deviation ›› news (document) component" type="CSS component"/></testcase><testcase name=" ›› news" classname="document"><error message="Design deviation ›› news (document) component" type="CSS component"/><failure message="Design deviation ›› news (document) component" type="CSS component"/></testcase><testcase name=" ›› news" classname="document"><error message="Design deviation ›› news (document) component" type="CSS component"/><failure message="Design deviation ›› news (document) component" type="CSS component"/></testcase><testcase name=" ›› news" classname="document"><error message="Design deviation ›› news (document) component" type="CSS component"/><failure message="Design deviation ›› news (document) component" type="CSS component"/></testcase><testcase name=" ›› news" classname="document"><error message="Design deviation ›› news (document) component" type="CSS component"/><failure message="Design deviation ›› news (document) component" type="CSS component"/></testcase><testcase name=" ›› news as gated" classname="document"/><testcase name=" ›› news as gated" classname="document"/><testcase name=" ›› news as gated" classname="document"><error message="Design deviation ›› news as gated (document) component" type="CSS component"/><failure message="Design deviation ›› news as gated (document) component" type="CSS component"/></testcase><testcase name=" ›› news as gated" classname="document"><error message="Design deviation ›› news as gated (document) component" type="CSS component"/><failure message="Design deviation ›› news as gated (document) component" type="CSS component"/></testcase><testcase name=" ›› news as gated" classname="document"><error message="Design deviation ›› news as gated (document) component" type="CSS component"/><failure message="Design deviation ›› news as gated (document) component" type="CSS component"/></testcase><testcase name=" ›› news with JAMA examples" classname="document"/><testcase name=" ›› news with JAMA examples" classname="document"/><testcase name=" ›› news with JAMA examples" classname="document"/><testcase name=" ›› news with JAMA examples" classname="document"/><testcase name=" ›› news with JAMA examples" classname="document"/><testcase name=" ›› resource" classname="document"/><testcase name=" ›› resource" classname="document"/><testcase name=" ›› resource" classname="document"/><testcase name=" ›› resource" classname="document"/><testcase name=" ›› resource" classname="document"/><testcase name=" ›› hub-page" classname="document"/><testcase name=" ›› hub-page" classname="document"/><testcase name=" ›› hub-page" classname="document"/><testcase name=" ›› hub-page" classname="document"/><testcase name=" ›› hub-page" classname="document"/><testcase name=" ›› event listing" classname="document"/><testcase name=" ›› event listing" classname="document"/><testcase name=" ›› event listing" classname="document"/><testcase name=" ›› event listing" classname="document"/><testcase name=" ›› event listing" classname="document"><error message="Design deviation ›› event listing (document) component" type="CSS component"/><failure message="Design deviation ›› event listing (document) component" type="CSS component"/></testcase><testcase name=" ›› category page" classname="document"><error message="Design deviation ›› category page (document) component" type="CSS component"/><failure message="Design deviation ›› category page (document) component" type="CSS component"/></testcase><testcase name=" ›› category page" classname="document"/><testcase name=" ›› category page" classname="document"/><testcase name=" ›› category page" classname="document"/><testcase name=" ›› category page" classname="document"/><testcase name=" ›› people bio" classname="document"/><testcase name=" ›› people bio" classname="document"/><testcase name=" ›› people bio" classname="document"/><testcase name=" ›› people bio" classname="document"/><testcase name=" ›› people bio" classname="document"/><testcase name=" ›› people listing" classname="document"/><testcase name=" ›› people listing" classname="document"/><testcase name=" ›› people listing" classname="document"/><testcase name=" ›› people listing" classname="document"/><testcase name=" ›› people listing" classname="document"/><testcase name=" ›› homepage" classname="document"/><testcase name=" ›› homepage" classname="document"/><testcase name=" ›› homepage" classname="document"/><testcase name=" ›› homepage" classname="document"/><testcase name=" ›› homepage" classname="document"/><testcase name=" ›› search results" classname="document"/><testcase name=" ›› search results" classname="document"/><testcase name=" ›› search results" classname="document"/><testcase name=" ›› search results" classname="document"/><testcase name=" ›› search results" classname="document"/></testsuite></testsuites>